2023-03-18 14:29:39,242 - main - INFO - 1463 - 14092 - 2992: main process starts to set cron jobs and run....
2023-03-18 14:29:39,374 - main - WARNING - 93 - 14092 - 20924: 52003场站没有NWP或实际功率，无法参与测试！！！
2023-03-18 14:29:39,384 - main - INFO - 191 - 14092 - 20924: 51002设置的测试数据时间：开始时间：2022/01/01 00:00；结束时间：2022/05/01 00:00
2023-03-18 14:29:41,429 - main - INFO - 254 - 14092 - 20924: 51002设置时段内实际数据量为：120天；数据缺失率为；0.0%
2023-03-18 14:29:43,570 - main - INFO - 338 - 14092 - 20924: 51002实际的测试数据时间：开始时间：2022/01/01 00:00；结束时间：2022/05/01 00:00
2023-03-18 14:29:43,574 - main - INFO - 440 - 14092 - 20924: --------------------------------任务1：仅集成学习：特征工程×，参数寻优×，集成学习√--------------------------------
2023-03-18 14:29:43,574 - main - INFO - 441 - 14092 - 20924: 串行任务：仅集成学习 开始
2023-03-18 14:29:43,579 - main - INFO - 470 - 14092 - 20924: 风电超短期默认特征：['WS', 'UU_hpa_700', 'WD', 'UU_hpa_500', 'RHU_meter']
2023-03-18 14:29:43,580 - main - INFO - 476 - 14092 - 20924: 风电短期默认特征：['WS', 'UU_hpa_700', 'WD', 'UU_hpa_500', 'RHU_meter']
2023-03-18 14:29:43,581 - main - INFO - 500 - 14092 - 20924: 串行任务：仅集成学习 开始
2023-03-18 14:29:43,617 - ensemble_learning - INFO - 114 - 14092 - 20924: 集成学习开始
2023-03-18 14:29:43,644 - ensemble_learning - INFO - 126 - 14092 - 20924: 集成学习_数据获取与预处理开始
2023-03-18 14:30:21,960 - ensemble_learning - INFO - 180 - 14092 - 20924: 集成学习_数据获取与预处理完成
2023-03-18 14:30:21,960 - ensemble_learning - INFO - 181 - 14092 - 20924: 集成学习_数据获取与预处理时间:38秒
2023-03-18 14:30:21,961 - ensemble_learning - INFO - 195 - 14092 - 20924: 集成学习_模型训练开始
2023-03-18 14:30:28,024 - ensemble_learning - INFO - 249 - 14092 - 20924: 集成学习_模型训练完成
2023-03-18 14:30:28,024 - ensemble_learning - INFO - 250 - 14092 - 20924: 集成学习_模型训练时间:6秒
2023-03-18 14:30:28,026 - ensemble_learning - INFO - 265 - 14092 - 20924: 集成学习_功率预测开始
2023-03-18 14:30:39,370 - tools - ERROR - 57 - 14760 - 17248: predict_short_power error: 
Traceback (most recent call last):
  File "F:\Kuafu_20230308\common\tools.py", line 51, in wrapper
    return func(*args, **kwargs)
  File "F:\Kuafu_20230308\app\ensemble_learning\ensemble_learning.py", line 214, in predict_short_power
    predict_result_raw = fitted_model(feature=test_feature, history_power=None,
  File "F:\Kuafu_20230308\model\_bpnn.py", line 96, in predict_without_history_power
    result = self.__model_bpnn_withoutp.predict(feature)
  File "D:\Users\67436\anaconda3\envs\kuafupy38\lib\site-packages\sklearn\neural_network\_multilayer_perceptron.py", line 1591, in predict
    y_pred = self._forward_pass_fast(X)
  File "D:\Users\67436\anaconda3\envs\kuafupy38\lib\site-packages\sklearn\neural_network\_multilayer_perceptron.py", line 160, in _forward_pass_fast
    X = self._validate_data(X, accept_sparse=["csr", "csc"], reset=False)
  File "D:\Users\67436\anaconda3\envs\kuafupy38\lib\site-packages\sklearn\base.py", line 600, in _validate_data
    self._check_n_features(X, reset=reset)
  File "D:\Users\67436\anaconda3\envs\kuafupy38\lib\site-packages\sklearn\base.py", line 400, in _check_n_features
    raise ValueError(
ValueError: X has 6 features, but MLPRegressor is expecting 5 features as input.
2023-03-18 14:30:39,374 - tools - ERROR - 57 - 14760 - 17248: ensemble_learning_evaluate_short error: 
Traceback (most recent call last):
  File "F:\Kuafu_20230308\common\tools.py", line 51, in wrapper
    return func(*args, **kwargs)
  File "F:\Kuafu_20230308\app\ensemble_learning\ensemble_learning.py", line 50, in ensemble_learning_evaluate_short
    predict_result_cluster, time_predict_cluster = predict_short_power(
TypeError: cannot unpack non-iterable NoneType object
2023-03-18 14:30:39,375 - ensemble_learning - ERROR - 1535 - 14760 - 17248: cannot unpack non-iterable NoneType object
Traceback (most recent call last):
  File "F:\Kuafu_20230308\task\mysql\ensemble_learning.py", line 1489, in ensemble_learning_evaluate_short
    time_predict_cluster, result, model_state = ensemble_learning.ensemble_learning_evaluate_short(
TypeError: cannot unpack non-iterable NoneType object
2023-03-18 14:30:39,376 - ensemble_learning - WARNING - 1537 - 14760 - 17248: 51002_short_BPNN_without_history_power任务失败！
2023-03-18 14:30:40,387 - tools - ERROR - 57 - 21524 - 11152: predict_short_power error: 
Traceback (most recent call last):
  File "F:\Kuafu_20230308\common\tools.py", line 51, in wrapper
    return func(*args, **kwargs)
  File "F:\Kuafu_20230308\app\ensemble_learning\ensemble_learning.py", line 214, in predict_short_power
    predict_result_raw = fitted_model(feature=test_feature, history_power=None,
  File "F:\Kuafu_20230308\model\_mffs.py", line 99, in predict_without_history_power
    input_test[i, :] = (input_test[i, :] - mi) / (ma - mi)
ValueError: operands could not be broadcast together with shapes (6,) (5,) 
2023-03-18 14:30:40,389 - tools - ERROR - 57 - 21524 - 11152: ensemble_learning_evaluate_short error: 
Traceback (most recent call last):
  File "F:\Kuafu_20230308\common\tools.py", line 51, in wrapper
    return func(*args, **kwargs)
  File "F:\Kuafu_20230308\app\ensemble_learning\ensemble_learning.py", line 50, in ensemble_learning_evaluate_short
    predict_result_cluster, time_predict_cluster = predict_short_power(
TypeError: cannot unpack non-iterable NoneType object
2023-03-18 14:30:40,390 - ensemble_learning - ERROR - 1535 - 21524 - 11152: cannot unpack non-iterable NoneType object
Traceback (most recent call last):
  File "F:\Kuafu_20230308\task\mysql\ensemble_learning.py", line 1489, in ensemble_learning_evaluate_short
    time_predict_cluster, result, model_state = ensemble_learning.ensemble_learning_evaluate_short(
TypeError: cannot unpack non-iterable NoneType object
2023-03-18 14:30:40,392 - ensemble_learning - WARNING - 1537 - 21524 - 11152: 51002_short_MFFS_without_history_power-1/10任务失败！
2023-03-18 14:30:41,403 - tools - ERROR - 57 - 4204 - 1744: predict_short_power error: 
Traceback (most recent call last):
  File "F:\Kuafu_20230308\common\tools.py", line 51, in wrapper
    return func(*args, **kwargs)
  File "F:\Kuafu_20230308\app\ensemble_learning\ensemble_learning.py", line 214, in predict_short_power
    predict_result_raw = fitted_model(feature=test_feature, history_power=None,
  File "F:\Kuafu_20230308\model\_mffs.py", line 99, in predict_without_history_power
    input_test[i, :] = (input_test[i, :] - mi) / (ma - mi)
ValueError: operands could not be broadcast together with shapes (6,) (5,) 
2023-03-18 14:30:41,405 - tools - ERROR - 57 - 4204 - 1744: ensemble_learning_evaluate_short error: 
Traceback (most recent call last):
  File "F:\Kuafu_20230308\common\tools.py", line 51, in wrapper
    return func(*args, **kwargs)
  File "F:\Kuafu_20230308\app\ensemble_learning\ensemble_learning.py", line 50, in ensemble_learning_evaluate_short
    predict_result_cluster, time_predict_cluster = predict_short_power(
TypeError: cannot unpack non-iterable NoneType object
2023-03-18 14:30:41,406 - ensemble_learning - ERROR - 1535 - 4204 - 1744: cannot unpack non-iterable NoneType object
Traceback (most recent call last):
  File "F:\Kuafu_20230308\task\mysql\ensemble_learning.py", line 1489, in ensemble_learning_evaluate_short
    time_predict_cluster, result, model_state = ensemble_learning.ensemble_learning_evaluate_short(
TypeError: cannot unpack non-iterable NoneType object
2023-03-18 14:30:41,407 - ensemble_learning - WARNING - 1537 - 4204 - 1744: 51002_short_MFFS_without_history_power-2/10任务失败！
2023-03-18 14:30:42,410 - tools - ERROR - 57 - 22376 - 2936: predict_short_power error: 
Traceback (most recent call last):
  File "F:\Kuafu_20230308\common\tools.py", line 51, in wrapper
    return func(*args, **kwargs)
  File "F:\Kuafu_20230308\app\ensemble_learning\ensemble_learning.py", line 214, in predict_short_power
    predict_result_raw = fitted_model(feature=test_feature, history_power=None,
  File "F:\Kuafu_20230308\model\_mffs.py", line 99, in predict_without_history_power
    input_test[i, :] = (input_test[i, :] - mi) / (ma - mi)
ValueError: operands could not be broadcast together with shapes (6,) (5,) 
2023-03-18 14:30:42,412 - tools - ERROR - 57 - 22376 - 2936: ensemble_learning_evaluate_short error: 
Traceback (most recent call last):
  File "F:\Kuafu_20230308\common\tools.py", line 51, in wrapper
    return func(*args, **kwargs)
  File "F:\Kuafu_20230308\app\ensemble_learning\ensemble_learning.py", line 50, in ensemble_learning_evaluate_short
    predict_result_cluster, time_predict_cluster = predict_short_power(
TypeError: cannot unpack non-iterable NoneType object
2023-03-18 14:30:42,413 - ensemble_learning - ERROR - 1535 - 22376 - 2936: cannot unpack non-iterable NoneType object
Traceback (most recent call last):
  File "F:\Kuafu_20230308\task\mysql\ensemble_learning.py", line 1489, in ensemble_learning_evaluate_short
    time_predict_cluster, result, model_state = ensemble_learning.ensemble_learning_evaluate_short(
TypeError: cannot unpack non-iterable NoneType object
2023-03-18 14:30:42,414 - ensemble_learning - WARNING - 1537 - 22376 - 2936: 51002_short_MFFS_without_history_power-3/10任务失败！
2023-03-18 14:30:43,414 - tools - ERROR - 57 - 2332 - 18120: predict_short_power error: 
Traceback (most recent call last):
  File "F:\Kuafu_20230308\common\tools.py", line 51, in wrapper
    return func(*args, **kwargs)
  File "F:\Kuafu_20230308\app\ensemble_learning\ensemble_learning.py", line 214, in predict_short_power
    predict_result_raw = fitted_model(feature=test_feature, history_power=None,
  File "F:\Kuafu_20230308\model\_mffs.py", line 99, in predict_without_history_power
    input_test[i, :] = (input_test[i, :] - mi) / (ma - mi)
ValueError: operands could not be broadcast together with shapes (6,) (5,) 
2023-03-18 14:30:43,416 - tools - ERROR - 57 - 2332 - 18120: ensemble_learning_evaluate_short error: 
Traceback (most recent call last):
  File "F:\Kuafu_20230308\common\tools.py", line 51, in wrapper
    return func(*args, **kwargs)
  File "F:\Kuafu_20230308\app\ensemble_learning\ensemble_learning.py", line 50, in ensemble_learning_evaluate_short
    predict_result_cluster, time_predict_cluster = predict_short_power(
TypeError: cannot unpack non-iterable NoneType object
2023-03-18 14:30:43,417 - ensemble_learning - ERROR - 1535 - 2332 - 18120: cannot unpack non-iterable NoneType object
Traceback (most recent call last):
  File "F:\Kuafu_20230308\task\mysql\ensemble_learning.py", line 1489, in ensemble_learning_evaluate_short
    time_predict_cluster, result, model_state = ensemble_learning.ensemble_learning_evaluate_short(
TypeError: cannot unpack non-iterable NoneType object
2023-03-18 14:30:43,418 - ensemble_learning - WARNING - 1537 - 2332 - 18120: 51002_short_MFFS_without_history_power-4/10任务失败！
2023-03-18 14:30:44,419 - tools - ERROR - 57 - 15252 - 22808: predict_short_power error: 
Traceback (most recent call last):
  File "F:\Kuafu_20230308\common\tools.py", line 51, in wrapper
    return func(*args, **kwargs)
  File "F:\Kuafu_20230308\app\ensemble_learning\ensemble_learning.py", line 214, in predict_short_power
    predict_result_raw = fitted_model(feature=test_feature, history_power=None,
  File "F:\Kuafu_20230308\model\_mffs.py", line 99, in predict_without_history_power
    input_test[i, :] = (input_test[i, :] - mi) / (ma - mi)
ValueError: operands could not be broadcast together with shapes (6,) (5,) 
2023-03-18 14:30:44,421 - tools - ERROR - 57 - 15252 - 22808: ensemble_learning_evaluate_short error: 
Traceback (most recent call last):
  File "F:\Kuafu_20230308\common\tools.py", line 51, in wrapper
    return func(*args, **kwargs)
  File "F:\Kuafu_20230308\app\ensemble_learning\ensemble_learning.py", line 50, in ensemble_learning_evaluate_short
    predict_result_cluster, time_predict_cluster = predict_short_power(
TypeError: cannot unpack non-iterable NoneType object
2023-03-18 14:30:44,422 - ensemble_learning - ERROR - 1535 - 15252 - 22808: cannot unpack non-iterable NoneType object
Traceback (most recent call last):
  File "F:\Kuafu_20230308\task\mysql\ensemble_learning.py", line 1489, in ensemble_learning_evaluate_short
    time_predict_cluster, result, model_state = ensemble_learning.ensemble_learning_evaluate_short(
TypeError: cannot unpack non-iterable NoneType object
2023-03-18 14:30:44,423 - ensemble_learning - WARNING - 1537 - 15252 - 22808: 51002_short_MFFS_without_history_power-5/10任务失败！
2023-03-18 14:30:45,432 - tools - ERROR - 57 - 23004 - 16128: predict_short_power error: 
Traceback (most recent call last):
  File "F:\Kuafu_20230308\common\tools.py", line 51, in wrapper
    return func(*args, **kwargs)
  File "F:\Kuafu_20230308\app\ensemble_learning\ensemble_learning.py", line 214, in predict_short_power
    predict_result_raw = fitted_model(feature=test_feature, history_power=None,
  File "F:\Kuafu_20230308\model\_mffs.py", line 99, in predict_without_history_power
    input_test[i, :] = (input_test[i, :] - mi) / (ma - mi)
ValueError: operands could not be broadcast together with shapes (6,) (5,) 
2023-03-18 14:30:45,434 - tools - ERROR - 57 - 23004 - 16128: ensemble_learning_evaluate_short error: 
Traceback (most recent call last):
  File "F:\Kuafu_20230308\common\tools.py", line 51, in wrapper
    return func(*args, **kwargs)
  File "F:\Kuafu_20230308\app\ensemble_learning\ensemble_learning.py", line 50, in ensemble_learning_evaluate_short
    predict_result_cluster, time_predict_cluster = predict_short_power(
TypeError: cannot unpack non-iterable NoneType object
2023-03-18 14:30:45,435 - ensemble_learning - ERROR - 1535 - 23004 - 16128: cannot unpack non-iterable NoneType object
Traceback (most recent call last):
  File "F:\Kuafu_20230308\task\mysql\ensemble_learning.py", line 1489, in ensemble_learning_evaluate_short
    time_predict_cluster, result, model_state = ensemble_learning.ensemble_learning_evaluate_short(
TypeError: cannot unpack non-iterable NoneType object
2023-03-18 14:30:45,437 - ensemble_learning - WARNING - 1537 - 23004 - 16128: 51002_short_MFFS_without_history_power-6/10任务失败！
2023-03-18 14:30:46,436 - tools - ERROR - 57 - 14048 - 15276: predict_short_power error: 
Traceback (most recent call last):
  File "F:\Kuafu_20230308\common\tools.py", line 51, in wrapper
    return func(*args, **kwargs)
  File "F:\Kuafu_20230308\app\ensemble_learning\ensemble_learning.py", line 214, in predict_short_power
    predict_result_raw = fitted_model(feature=test_feature, history_power=None,
  File "F:\Kuafu_20230308\model\_mffs.py", line 99, in predict_without_history_power
    input_test[i, :] = (input_test[i, :] - mi) / (ma - mi)
ValueError: operands could not be broadcast together with shapes (6,) (5,) 
2023-03-18 14:30:46,438 - tools - ERROR - 57 - 14048 - 15276: ensemble_learning_evaluate_short error: 
Traceback (most recent call last):
  File "F:\Kuafu_20230308\common\tools.py", line 51, in wrapper
    return func(*args, **kwargs)
  File "F:\Kuafu_20230308\app\ensemble_learning\ensemble_learning.py", line 50, in ensemble_learning_evaluate_short
    predict_result_cluster, time_predict_cluster = predict_short_power(
TypeError: cannot unpack non-iterable NoneType object
2023-03-18 14:30:46,439 - ensemble_learning - ERROR - 1535 - 14048 - 15276: cannot unpack non-iterable NoneType object
Traceback (most recent call last):
  File "F:\Kuafu_20230308\task\mysql\ensemble_learning.py", line 1489, in ensemble_learning_evaluate_short
    time_predict_cluster, result, model_state = ensemble_learning.ensemble_learning_evaluate_short(
TypeError: cannot unpack non-iterable NoneType object
2023-03-18 14:30:46,440 - ensemble_learning - WARNING - 1537 - 14048 - 15276: 51002_short_MFFS_without_history_power-7/10任务失败！
2023-03-18 14:30:47,441 - tools - ERROR - 57 - 11392 - 18748: predict_short_power error: 
Traceback (most recent call last):
  File "F:\Kuafu_20230308\common\tools.py", line 51, in wrapper
    return func(*args, **kwargs)
  File "F:\Kuafu_20230308\app\ensemble_learning\ensemble_learning.py", line 214, in predict_short_power
    predict_result_raw = fitted_model(feature=test_feature, history_power=None,
  File "F:\Kuafu_20230308\model\_mffs.py", line 99, in predict_without_history_power
    input_test[i, :] = (input_test[i, :] - mi) / (ma - mi)
ValueError: operands could not be broadcast together with shapes (6,) (5,) 
2023-03-18 14:30:47,443 - tools - ERROR - 57 - 11392 - 18748: ensemble_learning_evaluate_short error: 
Traceback (most recent call last):
  File "F:\Kuafu_20230308\common\tools.py", line 51, in wrapper
    return func(*args, **kwargs)
  File "F:\Kuafu_20230308\app\ensemble_learning\ensemble_learning.py", line 50, in ensemble_learning_evaluate_short
    predict_result_cluster, time_predict_cluster = predict_short_power(
TypeError: cannot unpack non-iterable NoneType object
2023-03-18 14:30:47,444 - ensemble_learning - ERROR - 1535 - 11392 - 18748: cannot unpack non-iterable NoneType object
Traceback (most recent call last):
  File "F:\Kuafu_20230308\task\mysql\ensemble_learning.py", line 1489, in ensemble_learning_evaluate_short
    time_predict_cluster, result, model_state = ensemble_learning.ensemble_learning_evaluate_short(
TypeError: cannot unpack non-iterable NoneType object
2023-03-18 14:30:47,445 - ensemble_learning - WARNING - 1537 - 11392 - 18748: 51002_short_MFFS_without_history_power-8/10任务失败！
2023-03-18 14:30:48,365 - tools - ERROR - 57 - 3964 - 11960: predict_short_power error: 
Traceback (most recent call last):
  File "F:\Kuafu_20230308\common\tools.py", line 51, in wrapper
    return func(*args, **kwargs)
  File "F:\Kuafu_20230308\app\ensemble_learning\ensemble_learning.py", line 214, in predict_short_power
    predict_result_raw = fitted_model(feature=test_feature, history_power=None,
  File "F:\Kuafu_20230308\model\_mffs.py", line 99, in predict_without_history_power
    input_test[i, :] = (input_test[i, :] - mi) / (ma - mi)
ValueError: operands could not be broadcast together with shapes (6,) (5,) 
2023-03-18 14:30:48,367 - tools - ERROR - 57 - 3964 - 11960: ensemble_learning_evaluate_short error: 
Traceback (most recent call last):
  File "F:\Kuafu_20230308\common\tools.py", line 51, in wrapper
    return func(*args, **kwargs)
  File "F:\Kuafu_20230308\app\ensemble_learning\ensemble_learning.py", line 50, in ensemble_learning_evaluate_short
    predict_result_cluster, time_predict_cluster = predict_short_power(
TypeError: cannot unpack non-iterable NoneType object
2023-03-18 14:30:48,368 - ensemble_learning - ERROR - 1535 - 3964 - 11960: cannot unpack non-iterable NoneType object
Traceback (most recent call last):
  File "F:\Kuafu_20230308\task\mysql\ensemble_learning.py", line 1489, in ensemble_learning_evaluate_short
    time_predict_cluster, result, model_state = ensemble_learning.ensemble_learning_evaluate_short(
TypeError: cannot unpack non-iterable NoneType object
2023-03-18 14:30:48,370 - ensemble_learning - WARNING - 1537 - 3964 - 11960: 51002_short_MFFS_without_history_power-9/10任务失败！
2023-03-18 14:30:49,370 - tools - ERROR - 57 - 14832 - 7616: predict_short_power error: 
Traceback (most recent call last):
  File "F:\Kuafu_20230308\common\tools.py", line 51, in wrapper
    return func(*args, **kwargs)
  File "F:\Kuafu_20230308\app\ensemble_learning\ensemble_learning.py", line 214, in predict_short_power
    predict_result_raw = fitted_model(feature=test_feature, history_power=None,
  File "F:\Kuafu_20230308\model\_mffs.py", line 99, in predict_without_history_power
    input_test[i, :] = (input_test[i, :] - mi) / (ma - mi)
ValueError: operands could not be broadcast together with shapes (6,) (5,) 
2023-03-18 14:30:49,372 - tools - ERROR - 57 - 14832 - 7616: ensemble_learning_evaluate_short error: 
Traceback (most recent call last):
  File "F:\Kuafu_20230308\common\tools.py", line 51, in wrapper
    return func(*args, **kwargs)
  File "F:\Kuafu_20230308\app\ensemble_learning\ensemble_learning.py", line 50, in ensemble_learning_evaluate_short
    predict_result_cluster, time_predict_cluster = predict_short_power(
TypeError: cannot unpack non-iterable NoneType object
2023-03-18 14:30:49,372 - ensemble_learning - ERROR - 1535 - 14832 - 7616: cannot unpack non-iterable NoneType object
Traceback (most recent call last):
  File "F:\Kuafu_20230308\task\mysql\ensemble_learning.py", line 1489, in ensemble_learning_evaluate_short
    time_predict_cluster, result, model_state = ensemble_learning.ensemble_learning_evaluate_short(
TypeError: cannot unpack non-iterable NoneType object
2023-03-18 14:30:49,374 - ensemble_learning - WARNING - 1537 - 14832 - 7616: 51002_short_MFFS_without_history_power-10/10任务失败！
2023-03-18 14:31:13,530 - ensemble_learning - INFO - 511 - 14092 - 20924: 集成学习_功率预测完成
2023-03-18 14:31:13,530 - ensemble_learning - INFO - 512 - 14092 - 20924: 集成学习_功率预测时间:45秒
2023-03-18 14:31:13,533 - ensemble_learning - INFO - 543 - 14092 - 20924: 集成学习_模型评价开始
2023-03-18 14:31:15,106 - model_evaluation - ERROR - 183 - 14092 - 20924: single positional indexer is out-of-bounds
Traceback (most recent call last):
  File "F:\Kuafu_20230308\task\mysql\model_evaluation.py", line 158, in evaluate_for_station
    (predict_power.loc[:, 'forecast_time'].iloc[0], predict_power.loc[:, 'forecast_time'].iloc[-1]))
  File "D:\Users\67436\anaconda3\envs\kuafupy38\lib\site-packages\pandas\core\indexing.py", line 967, in __getitem__
    return self._getitem_axis(maybe_callable, axis=axis)
  File "D:\Users\67436\anaconda3\envs\kuafupy38\lib\site-packages\pandas\core\indexing.py", line 1520, in _getitem_axis
    self._validate_integer(key, axis)
  File "D:\Users\67436\anaconda3\envs\kuafupy38\lib\site-packages\pandas\core\indexing.py", line 1452, in _validate_integer
    raise IndexError("single positional indexer is out-of-bounds")
IndexError: single positional indexer is out-of-bounds
2023-03-18 14:31:15,117 - model_evaluation - INFO - 185 - 14092 - 20924: 场站，编号:51002，时间尺度:short，模型:BPNN_without_history_power评价无效
2023-03-18 14:31:15,148 - model_evaluation - ERROR - 183 - 14092 - 20924: single positional indexer is out-of-bounds
Traceback (most recent call last):
  File "F:\Kuafu_20230308\task\mysql\model_evaluation.py", line 158, in evaluate_for_station
    (predict_power.loc[:, 'forecast_time'].iloc[0], predict_power.loc[:, 'forecast_time'].iloc[-1]))
  File "D:\Users\67436\anaconda3\envs\kuafupy38\lib\site-packages\pandas\core\indexing.py", line 967, in __getitem__
    return self._getitem_axis(maybe_callable, axis=axis)
  File "D:\Users\67436\anaconda3\envs\kuafupy38\lib\site-packages\pandas\core\indexing.py", line 1520, in _getitem_axis
    self._validate_integer(key, axis)
  File "D:\Users\67436\anaconda3\envs\kuafupy38\lib\site-packages\pandas\core\indexing.py", line 1452, in _validate_integer
    raise IndexError("single positional indexer is out-of-bounds")
IndexError: single positional indexer is out-of-bounds
2023-03-18 14:31:15,149 - model_evaluation - INFO - 185 - 14092 - 20924: 场站，编号:51002，时间尺度:short，模型:MFFS_without_history_power评价无效
2023-03-18 14:31:21,249 - ensemble_learning - INFO - 2366 - 14092 - 20924: 峨蔓风电场BPNN_without_history_power Two_Detailed_Rules 短期预测准确率为：0.0
2023-03-18 14:31:21,250 - ensemble_learning - INFO - 2366 - 14092 - 20924: 峨蔓风电场MFFS_without_history_power Two_Detailed_Rules 短期预测准确率为：0.0
2023-03-18 14:31:21,250 - ensemble_learning - INFO - 2375 - 14092 - 20924: 峨蔓风电场BPNN_with_history_power Two_Detailed_Rules 超短期预测准确率为：69.20265559901682
2023-03-18 14:31:21,250 - ensemble_learning - INFO - 2375 - 14092 - 20924: 峨蔓风电场MFFS_with_history_power Two_Detailed_Rules 超短期预测准确率为：55.722338568191844
2023-03-18 14:31:21,280 - model_evaluation - ERROR - 183 - 14092 - 20924: single positional indexer is out-of-bounds
Traceback (most recent call last):
  File "F:\Kuafu_20230308\task\mysql\model_evaluation.py", line 158, in evaluate_for_station
    (predict_power.loc[:, 'forecast_time'].iloc[0], predict_power.loc[:, 'forecast_time'].iloc[-1]))
  File "D:\Users\67436\anaconda3\envs\kuafupy38\lib\site-packages\pandas\core\indexing.py", line 967, in __getitem__
    return self._getitem_axis(maybe_callable, axis=axis)
  File "D:\Users\67436\anaconda3\envs\kuafupy38\lib\site-packages\pandas\core\indexing.py", line 1520, in _getitem_axis
    self._validate_integer(key, axis)
  File "D:\Users\67436\anaconda3\envs\kuafupy38\lib\site-packages\pandas\core\indexing.py", line 1452, in _validate_integer
    raise IndexError("single positional indexer is out-of-bounds")
IndexError: single positional indexer is out-of-bounds
2023-03-18 14:31:21,281 - model_evaluation - INFO - 185 - 14092 - 20924: 场站，编号:51002，时间尺度:short，模型:BPNN_without_history_power评价无效
2023-03-18 14:31:21,337 - model_evaluation - ERROR - 183 - 14092 - 20924: single positional indexer is out-of-bounds
Traceback (most recent call last):
  File "F:\Kuafu_20230308\task\mysql\model_evaluation.py", line 158, in evaluate_for_station
    (predict_power.loc[:, 'forecast_time'].iloc[0], predict_power.loc[:, 'forecast_time'].iloc[-1]))
  File "D:\Users\67436\anaconda3\envs\kuafupy38\lib\site-packages\pandas\core\indexing.py", line 967, in __getitem__
    return self._getitem_axis(maybe_callable, axis=axis)
  File "D:\Users\67436\anaconda3\envs\kuafupy38\lib\site-packages\pandas\core\indexing.py", line 1520, in _getitem_axis
    self._validate_integer(key, axis)
  File "D:\Users\67436\anaconda3\envs\kuafupy38\lib\site-packages\pandas\core\indexing.py", line 1452, in _validate_integer
    raise IndexError("single positional indexer is out-of-bounds")
IndexError: single positional indexer is out-of-bounds
2023-03-18 14:31:21,337 - model_evaluation - INFO - 185 - 14092 - 20924: 场站，编号:51002，时间尺度:short，模型:MFFS_without_history_power评价无效
2023-03-18 14:31:28,079 - ensemble_learning - INFO - 2366 - 14092 - 20924: 峨蔓风电场BPNN_without_history_power GB_T_40607_2021 短期预测准确率为：0.0
2023-03-18 14:31:28,080 - ensemble_learning - INFO - 2366 - 14092 - 20924: 峨蔓风电场MFFS_without_history_power GB_T_40607_2021 短期预测准确率为：0.0
2023-03-18 14:31:28,080 - ensemble_learning - INFO - 2375 - 14092 - 20924: 峨蔓风电场BPNN_with_history_power GB_T_40607_2021 超短期预测准确率为：91.40073834492642
2023-03-18 14:31:28,080 - ensemble_learning - INFO - 2375 - 14092 - 20924: 峨蔓风电场MFFS_with_history_power GB_T_40607_2021 超短期预测准确率为：85.80085906053347
2023-03-18 14:31:28,084 - ensemble_learning - INFO - 2407 - 14092 - 20924: 峨蔓风电场short基于标准：['Two_Detailed_Rules', 'GB_T_40607_2021']的最优模型是BPNN_without_history_power准确率分别是：0.0%, 0.0%
2023-03-18 14:31:28,087 - ensemble_learning - INFO - 2434 - 14092 - 20924: 峨蔓风电场short基于标准：['Two_Detailed_Rules', 'GB_T_40607_2021']的次优模型是BPNN_without_history_power准确率分别是：0.0%, 0.0%
2023-03-18 14:31:28,092 - ensemble_learning - INFO - 2468 - 14092 - 20924: 峨蔓风电场ultra_short基于标准：['Two_Detailed_Rules', 'GB_T_40607_2021']的最优模型是BPNN_with_history_power准确率分别是：69.2%, 91.4%
2023-03-18 14:31:28,095 - ensemble_learning - INFO - 2496 - 14092 - 20924: 峨蔓风电场ultra_short基于标准：['Two_Detailed_Rules', 'GB_T_40607_2021']的次优模型是MFFS_with_history_power准确率分别是：55.72%, 85.8%
2023-03-18 14:31:28,928 - interval_forecast - INFO - 87 - 14092 - 20924: 开始区间预测的训练
2023-03-18 14:31:49,303 - interval_forecast - INFO - 140 - 14092 - 20924: 区间预测的训练完成
2023-03-18 14:31:49,305 - ensemble_learning - INFO - 575 - 14092 - 20924: 集成学习_模型评价完成
2023-03-18 14:31:49,306 - ensemble_learning - INFO - 577 - 14092 - 20924: 集成学习完成
2023-03-18 14:31:49,306 - ensemble_learning - INFO - 580 - 14092 - 20924: 集成学习总时间:125秒
2023-03-18 14:31:49,306 - ensemble_learning - INFO - 584 - 14092 - 20924: 集成学习总时间:0时2分5秒
2023-03-18 14:32:14,187 - main - INFO - 582 - 14092 - 20924: 串行任务：仅集成学习 完成
2023-03-18 14:32:14,187 - main - INFO - 700 - 14092 - 20924: 任务2：特征工程+集成学习 未参与执行！
2023-03-18 14:32:14,188 - main - INFO - 854 - 14092 - 20924: 任务3：参数寻优+集成学习 未参与执行！
2023-03-18 14:32:14,188 - main - INFO - 979 - 14092 - 20924: 任务4：特征工程+参数寻优+集成学习 未参与执行！
2023-03-18 14:32:14,197 - main - WARNING - 1011 - 14092 - 20924: 51002short未寻得最优模型！！！
2023-03-18 14:32:14,209 - main - INFO - 1037 - 14092 - 20924: 测试结束
2023-03-18 14:41:13,205 - main - INFO - 1463 - 14800 - 3116: main process starts to set cron jobs and run....
2023-03-18 14:41:13,322 - main - INFO - 191 - 14800 - 20576: 51002设置的测试数据时间：开始时间：2022/01/01 00:00；结束时间：2022/05/01 00:00
2023-03-18 14:41:15,301 - main - INFO - 254 - 14800 - 20576: 51002设置时段内实际数据量为：120天；数据缺失率为；0.0%
2023-03-18 14:41:17,319 - main - INFO - 338 - 14800 - 20576: 51002实际的测试数据时间：开始时间：2022/01/01 00:00；结束时间：2022/05/01 00:00
2023-03-18 14:41:17,322 - main - INFO - 440 - 14800 - 20576: --------------------------------任务1：仅集成学习：特征工程×，参数寻优×，集成学习√--------------------------------
2023-03-18 14:41:17,322 - main - INFO - 441 - 14800 - 20576: 串行任务：仅集成学习 开始
2023-03-18 14:41:17,326 - main - INFO - 470 - 14800 - 20576: 风电超短期默认特征：['WS', 'UU_hpa_700', 'WD', 'UU_hpa_500', 'RHU_meter']
2023-03-18 14:41:17,327 - main - INFO - 476 - 14800 - 20576: 风电短期默认特征：['WS', 'UU_hpa_700', 'WD', 'UU_hpa_500', 'RHU_meter']
2023-03-18 14:41:17,328 - main - INFO - 500 - 14800 - 20576: 串行任务：仅集成学习 开始
2023-03-18 14:41:17,361 - ensemble_learning - INFO - 114 - 14800 - 20576: 集成学习开始
2023-03-18 14:41:17,386 - ensemble_learning - INFO - 126 - 14800 - 20576: 集成学习_数据获取与预处理开始
2023-03-18 14:41:53,592 - ensemble_learning - INFO - 180 - 14800 - 20576: 集成学习_数据获取与预处理完成
2023-03-18 14:41:53,592 - ensemble_learning - INFO - 181 - 14800 - 20576: 集成学习_数据获取与预处理时间:36秒
2023-03-18 14:41:53,594 - ensemble_learning - INFO - 195 - 14800 - 20576: 集成学习_模型训练开始
2023-03-18 14:41:59,654 - ensemble_learning - INFO - 249 - 14800 - 20576: 集成学习_模型训练完成
2023-03-18 14:41:59,654 - ensemble_learning - INFO - 250 - 14800 - 20576: 集成学习_模型训练时间:6秒
2023-03-18 14:41:59,656 - ensemble_learning - INFO - 265 - 14800 - 20576: 集成学习_功率预测开始
2023-03-18 14:42:45,417 - ensemble_learning - INFO - 511 - 14800 - 20576: 集成学习_功率预测完成
2023-03-18 14:42:45,417 - ensemble_learning - INFO - 512 - 14800 - 20576: 集成学习_功率预测时间:45秒
2023-03-18 14:42:45,420 - ensemble_learning - INFO - 543 - 14800 - 20576: 集成学习_模型评价开始
2023-03-18 14:42:53,874 - ensemble_learning - INFO - 2366 - 14800 - 20576: 峨蔓风电场BPNN_without_history_power Two_Detailed_Rules 短期预测准确率为：49.871797690809046
2023-03-18 14:42:53,874 - ensemble_learning - INFO - 2366 - 14800 - 20576: 峨蔓风电场MFFS_without_history_power Two_Detailed_Rules 短期预测准确率为：35.12379559477571
2023-03-18 14:42:53,874 - ensemble_learning - INFO - 2375 - 14800 - 20576: 峨蔓风电场BPNN_with_history_power Two_Detailed_Rules 超短期预测准确率为：69.20265559901682
2023-03-18 14:42:53,874 - ensemble_learning - INFO - 2375 - 14800 - 20576: 峨蔓风电场MFFS_with_history_power Two_Detailed_Rules 超短期预测准确率为：55.722338568191844
2023-03-18 14:43:01,302 - ensemble_learning - INFO - 2366 - 14800 - 20576: 峨蔓风电场BPNN_without_history_power GB_T_40607_2021 短期预测准确率为：85.82191006635605
2023-03-18 14:43:01,302 - ensemble_learning - INFO - 2366 - 14800 - 20576: 峨蔓风电场MFFS_without_history_power GB_T_40607_2021 短期预测准确率为：81.41564616665701
2023-03-18 14:43:01,302 - ensemble_learning - INFO - 2375 - 14800 - 20576: 峨蔓风电场BPNN_with_history_power GB_T_40607_2021 超短期预测准确率为：91.40073834492642
2023-03-18 14:43:01,302 - ensemble_learning - INFO - 2375 - 14800 - 20576: 峨蔓风电场MFFS_with_history_power GB_T_40607_2021 超短期预测准确率为：85.80085906053347
2023-03-18 14:43:01,306 - ensemble_learning - INFO - 2407 - 14800 - 20576: 峨蔓风电场short基于标准：['Two_Detailed_Rules', 'GB_T_40607_2021']的最优模型是BPNN_without_history_power准确率分别是：49.87%, 85.82%
2023-03-18 14:43:01,310 - ensemble_learning - INFO - 2434 - 14800 - 20576: 峨蔓风电场short基于标准：['Two_Detailed_Rules', 'GB_T_40607_2021']的次优模型是MFFS_without_history_power准确率分别是：35.12%, 81.42%
2023-03-18 14:43:01,314 - ensemble_learning - INFO - 2468 - 14800 - 20576: 峨蔓风电场ultra_short基于标准：['Two_Detailed_Rules', 'GB_T_40607_2021']的最优模型是BPNN_with_history_power准确率分别是：69.2%, 91.4%
2023-03-18 14:43:01,317 - ensemble_learning - INFO - 2496 - 14800 - 20576: 峨蔓风电场ultra_short基于标准：['Two_Detailed_Rules', 'GB_T_40607_2021']的次优模型是MFFS_with_history_power准确率分别是：55.72%, 85.8%
2023-03-18 14:43:02,186 - interval_forecast - INFO - 87 - 14800 - 20576: 开始区间预测的训练
2023-03-18 14:43:25,847 - interval_forecast - INFO - 140 - 14800 - 20576: 区间预测的训练完成
2023-03-18 14:43:25,849 - ensemble_learning - INFO - 575 - 14800 - 20576: 集成学习_模型评价完成
2023-03-18 14:43:25,850 - ensemble_learning - INFO - 577 - 14800 - 20576: 集成学习完成
2023-03-18 14:43:25,850 - ensemble_learning - INFO - 580 - 14800 - 20576: 集成学习总时间:128秒
2023-03-18 14:43:25,850 - ensemble_learning - INFO - 584 - 14800 - 20576: 集成学习总时间:0时2分8秒
2023-03-18 14:43:54,005 - main - INFO - 582 - 14800 - 20576: 串行任务：仅集成学习 完成
2023-03-18 14:43:54,005 - main - INFO - 700 - 14800 - 20576: 任务2：特征工程+集成学习 未参与执行！
2023-03-18 14:43:54,006 - main - INFO - 854 - 14800 - 20576: 任务3：参数寻优+集成学习 未参与执行！
2023-03-18 14:43:54,007 - main - INFO - 979 - 14800 - 20576: 任务4：特征工程+参数寻优+集成学习 未参与执行！
2023-03-18 14:43:54,043 - main - INFO - 1037 - 14800 - 20576: 测试结束
2023-03-18 14:47:06,867 - main - INFO - 1463 - 22248 - 11024: main process starts to set cron jobs and run....
2023-03-18 14:47:06,997 - main - INFO - 191 - 22248 - 15252: 51002设置的测试数据时间：开始时间：2022/01/01 00:00；结束时间：2022/05/01 00:00
2023-03-18 14:47:09,066 - main - INFO - 254 - 22248 - 15252: 51002设置时段内实际数据量为：120天；数据缺失率为；0.0%
2023-03-18 14:47:11,886 - main - INFO - 338 - 22248 - 15252: 51002实际的测试数据时间：开始时间：2022/01/01 00:00；结束时间：2022/05/01 00:00
2023-03-18 14:47:11,890 - main - INFO - 440 - 22248 - 15252: --------------------------------任务1：仅集成学习：特征工程×，参数寻优×，集成学习√--------------------------------
2023-03-18 14:47:11,890 - main - INFO - 441 - 22248 - 15252: 串行任务：仅集成学习 开始
2023-03-18 14:47:11,895 - main - INFO - 470 - 22248 - 15252: 风电超短期默认特征：['WS', 'UU_hpa_700', 'WD', 'UU_hpa_500', 'RHU_meter']
2023-03-18 14:47:11,896 - main - INFO - 476 - 22248 - 15252: 风电短期默认特征：['WS', 'UU_hpa_700', 'WD', 'UU_hpa_500', 'RHU_meter']
2023-03-18 14:47:11,897 - main - INFO - 500 - 22248 - 15252: 串行任务：仅集成学习 开始
2023-03-18 14:47:11,934 - ensemble_learning - INFO - 114 - 22248 - 15252: 集成学习开始
2023-03-18 14:47:11,963 - ensemble_learning - INFO - 126 - 22248 - 15252: 集成学习_数据获取与预处理开始
2023-03-18 14:47:47,209 - ensemble_learning - INFO - 180 - 22248 - 15252: 集成学习_数据获取与预处理完成
2023-03-18 14:47:47,209 - ensemble_learning - INFO - 181 - 22248 - 15252: 集成学习_数据获取与预处理时间:35秒
2023-03-18 14:47:47,210 - ensemble_learning - INFO - 195 - 22248 - 15252: 集成学习_模型训练开始
2023-03-18 14:47:53,278 - ensemble_learning - INFO - 249 - 22248 - 15252: 集成学习_模型训练完成
2023-03-18 14:47:53,278 - ensemble_learning - INFO - 250 - 22248 - 15252: 集成学习_模型训练时间:6秒
2023-03-18 14:47:53,279 - ensemble_learning - INFO - 265 - 22248 - 15252: 集成学习_功率预测开始
2023-03-18 14:48:39,927 - ensemble_learning - INFO - 511 - 22248 - 15252: 集成学习_功率预测完成
2023-03-18 14:48:39,927 - ensemble_learning - INFO - 512 - 22248 - 15252: 集成学习_功率预测时间:46秒
2023-03-18 14:48:39,929 - ensemble_learning - INFO - 543 - 22248 - 15252: 集成学习_模型评价开始
2023-03-18 14:48:48,731 - ensemble_learning - INFO - 2366 - 22248 - 15252: 峨蔓风电场BPNN_without_history_power Two_Detailed_Rules 短期预测准确率为：49.871797690809046
2023-03-18 14:48:48,731 - ensemble_learning - INFO - 2366 - 22248 - 15252: 峨蔓风电场MFFS_without_history_power Two_Detailed_Rules 短期预测准确率为：35.12379559477571
2023-03-18 14:48:48,731 - ensemble_learning - INFO - 2375 - 22248 - 15252: 峨蔓风电场BPNN_with_history_power Two_Detailed_Rules 超短期预测准确率为：69.20265559901682
2023-03-18 14:48:48,731 - ensemble_learning - INFO - 2375 - 22248 - 15252: 峨蔓风电场MFFS_with_history_power Two_Detailed_Rules 超短期预测准确率为：55.722338568191844
2023-03-18 14:48:56,535 - ensemble_learning - INFO - 2366 - 22248 - 15252: 峨蔓风电场BPNN_without_history_power GB_T_40607_2021 短期预测准确率为：85.82191006635605
2023-03-18 14:48:56,536 - ensemble_learning - INFO - 2366 - 22248 - 15252: 峨蔓风电场MFFS_without_history_power GB_T_40607_2021 短期预测准确率为：81.41564616665701
2023-03-18 14:48:56,536 - ensemble_learning - INFO - 2375 - 22248 - 15252: 峨蔓风电场BPNN_with_history_power GB_T_40607_2021 超短期预测准确率为：91.40073834492642
2023-03-18 14:48:56,536 - ensemble_learning - INFO - 2375 - 22248 - 15252: 峨蔓风电场MFFS_with_history_power GB_T_40607_2021 超短期预测准确率为：85.80085906053347
2023-03-18 14:48:56,540 - ensemble_learning - INFO - 2407 - 22248 - 15252: 峨蔓风电场short基于标准：['Two_Detailed_Rules', 'GB_T_40607_2021']的最优模型是BPNN_without_history_power准确率分别是：49.87%, 85.82%
2023-03-18 14:48:56,543 - ensemble_learning - INFO - 2434 - 22248 - 15252: 峨蔓风电场short基于标准：['Two_Detailed_Rules', 'GB_T_40607_2021']的次优模型是MFFS_without_history_power准确率分别是：35.12%, 81.42%
2023-03-18 14:48:56,547 - ensemble_learning - INFO - 2468 - 22248 - 15252: 峨蔓风电场ultra_short基于标准：['Two_Detailed_Rules', 'GB_T_40607_2021']的最优模型是BPNN_with_history_power准确率分别是：69.2%, 91.4%
2023-03-18 14:48:56,550 - ensemble_learning - INFO - 2496 - 22248 - 15252: 峨蔓风电场ultra_short基于标准：['Two_Detailed_Rules', 'GB_T_40607_2021']的次优模型是MFFS_with_history_power准确率分别是：55.72%, 85.8%
2023-03-18 14:48:57,490 - interval_forecast - INFO - 87 - 22248 - 15252: 开始区间预测的训练
2023-03-18 14:49:22,713 - interval_forecast - INFO - 140 - 22248 - 15252: 区间预测的训练完成
2023-03-18 14:49:22,717 - ensemble_learning - INFO - 575 - 22248 - 15252: 集成学习_模型评价完成
2023-03-18 14:49:22,717 - ensemble_learning - INFO - 577 - 22248 - 15252: 集成学习完成
2023-03-18 14:49:22,717 - ensemble_learning - INFO - 580 - 22248 - 15252: 集成学习总时间:130秒
2023-03-18 14:49:22,717 - ensemble_learning - INFO - 584 - 22248 - 15252: 集成学习总时间:0时2分10秒
2023-03-18 14:49:52,199 - main - INFO - 582 - 22248 - 15252: 串行任务：仅集成学习 完成
2023-03-18 14:49:52,200 - main - INFO - 700 - 22248 - 15252: 任务2：特征工程+集成学习 未参与执行！
2023-03-18 14:49:52,201 - main - INFO - 854 - 22248 - 15252: 任务3：参数寻优+集成学习 未参与执行！
2023-03-18 14:49:52,201 - main - INFO - 979 - 22248 - 15252: 任务4：特征工程+参数寻优+集成学习 未参与执行！
2023-03-18 14:49:52,236 - main - INFO - 191 - 22248 - 15252: 52003设置的测试数据时间：开始时间：2022/01/01 00:00；结束时间：2022/05/01 00:00
2023-03-18 14:49:54,380 - main - INFO - 254 - 22248 - 15252: 52003设置时段内实际数据量为：120天；数据缺失率为；0.0%
2023-03-18 14:49:56,701 - main - INFO - 338 - 22248 - 15252: 52003实际的测试数据时间：开始时间：2022/01/01 00:00；结束时间：2022/05/01 00:00
2023-03-18 14:49:56,704 - main - INFO - 440 - 22248 - 15252: --------------------------------任务1：仅集成学习：特征工程×，参数寻优×，集成学习√--------------------------------
2023-03-18 14:49:56,705 - main - INFO - 441 - 22248 - 15252: 串行任务：仅集成学习 开始
2023-03-18 14:49:56,709 - main - INFO - 483 - 22248 - 15252: 光伏超短期默认特征：['SR', 'RHU_meter', 'SWDDIR', 'TCC', 'HCC']
2023-03-18 14:49:56,710 - main - INFO - 489 - 22248 - 15252: 光伏短期默认特征：['SR', 'RHU_meter', 'SWDDIR', 'TCC', 'HCC']
2023-03-18 14:49:56,711 - main - INFO - 500 - 22248 - 15252: 串行任务：仅集成学习 开始
2023-03-18 14:49:56,742 - ensemble_learning - INFO - 114 - 22248 - 15252: 集成学习开始
2023-03-18 14:49:56,766 - ensemble_learning - INFO - 126 - 22248 - 15252: 集成学习_数据获取与预处理开始
2023-03-18 14:50:14,872 - ensemble_learning - INFO - 180 - 22248 - 15252: 集成学习_数据获取与预处理完成
2023-03-18 14:50:14,872 - ensemble_learning - INFO - 181 - 22248 - 15252: 集成学习_数据获取与预处理时间:18秒
2023-03-18 14:50:14,874 - ensemble_learning - INFO - 195 - 22248 - 15252: 集成学习_模型训练开始
2023-03-18 14:50:20,951 - ensemble_learning - INFO - 249 - 22248 - 15252: 集成学习_模型训练完成
2023-03-18 14:50:20,951 - ensemble_learning - INFO - 250 - 22248 - 15252: 集成学习_模型训练时间:6秒
2023-03-18 14:50:20,953 - ensemble_learning - INFO - 265 - 22248 - 15252: 集成学习_功率预测开始
2023-03-18 14:51:31,195 - ensemble_learning - INFO - 511 - 22248 - 15252: 集成学习_功率预测完成
2023-03-18 14:51:31,195 - ensemble_learning - INFO - 512 - 22248 - 15252: 集成学习_功率预测时间:70秒
2023-03-18 14:51:31,198 - ensemble_learning - INFO - 543 - 22248 - 15252: 集成学习_模型评价开始
2023-03-18 14:51:47,195 - ensemble_learning - INFO - 2366 - 22248 - 15252: 神华光伏电站BPNN_without_history_power Two_Detailed_Rules 短期预测准确率为：72.23540870206374
2023-03-18 14:51:47,196 - ensemble_learning - INFO - 2366 - 22248 - 15252: 神华光伏电站MFFS_without_history_power Two_Detailed_Rules 短期预测准确率为：71.25224144902089
2023-03-18 14:51:47,196 - ensemble_learning - INFO - 2375 - 22248 - 15252: 神华光伏电站BPNN_with_history_power Two_Detailed_Rules 超短期预测准确率为：9.346211546390231
2023-03-18 14:51:47,196 - ensemble_learning - INFO - 2375 - 22248 - 15252: 神华光伏电站BPNN_without_history_power Two_Detailed_Rules 超短期预测准确率为：65.6508379123778
2023-03-18 14:51:47,197 - ensemble_learning - INFO - 2375 - 22248 - 15252: 神华光伏电站MFFS_with_history_power Two_Detailed_Rules 超短期预测准确率为：69.37168538181756
2023-03-18 14:51:47,197 - ensemble_learning - INFO - 2375 - 22248 - 15252: 神华光伏电站MFFS_without_history_power Two_Detailed_Rules 超短期预测准确率为：71.37329221370683
2023-03-18 14:52:01,538 - ensemble_learning - INFO - 2366 - 22248 - 15252: 神华光伏电站BPNN_without_history_power GB_T_40607_2021 短期预测准确率为：90.21714091397453
2023-03-18 14:52:01,538 - ensemble_learning - INFO - 2366 - 22248 - 15252: 神华光伏电站MFFS_without_history_power GB_T_40607_2021 短期预测准确率为：91.46237887523412
2023-03-18 14:52:01,538 - ensemble_learning - INFO - 2375 - 22248 - 15252: 神华光伏电站BPNN_with_history_power GB_T_40607_2021 超短期预测准确率为：85.53812990145704
2023-03-18 14:52:01,538 - ensemble_learning - INFO - 2375 - 22248 - 15252: 神华光伏电站BPNN_without_history_power GB_T_40607_2021 超短期预测准确率为：93.21871037358001
2023-03-18 14:52:01,538 - ensemble_learning - INFO - 2375 - 22248 - 15252: 神华光伏电站MFFS_with_history_power GB_T_40607_2021 超短期预测准确率为：94.68031190739245
2023-03-18 14:52:01,538 - ensemble_learning - INFO - 2375 - 22248 - 15252: 神华光伏电站MFFS_without_history_power GB_T_40607_2021 超短期预测准确率为：94.60116463525755
2023-03-18 14:52:01,542 - ensemble_learning - INFO - 2407 - 22248 - 15252: 神华光伏电站short基于标准：['Two_Detailed_Rules', 'GB_T_40607_2021']的最优模型是MFFS_without_history_power准确率分别是：71.25%, 91.46%
2023-03-18 14:52:01,545 - ensemble_learning - INFO - 2434 - 22248 - 15252: 神华光伏电站short基于标准：['Two_Detailed_Rules', 'GB_T_40607_2021']的次优模型是BPNN_without_history_power准确率分别是：72.24%, 90.22%
2023-03-18 14:52:01,549 - ensemble_learning - INFO - 2468 - 22248 - 15252: 神华光伏电站ultra_short基于标准：['Two_Detailed_Rules', 'GB_T_40607_2021']的最优模型是MFFS_without_history_power准确率分别是：71.37%, 94.6%
2023-03-18 14:52:01,552 - ensemble_learning - INFO - 2496 - 22248 - 15252: 神华光伏电站ultra_short基于标准：['Two_Detailed_Rules', 'GB_T_40607_2021']的次优模型是BPNN_without_history_power准确率分别是：65.65%, 93.22%
2023-03-18 14:52:01,560 - interval_forecast - INFO - 87 - 22248 - 15252: 开始区间预测的训练
2023-03-18 14:52:25,844 - interval_forecast - INFO - 140 - 22248 - 15252: 区间预测的训练完成
2023-03-18 14:52:25,848 - ensemble_learning - INFO - 575 - 22248 - 15252: 集成学习_模型评价完成
2023-03-18 14:52:25,848 - ensemble_learning - INFO - 577 - 22248 - 15252: 集成学习完成
2023-03-18 14:52:25,848 - ensemble_learning - INFO - 580 - 22248 - 15252: 集成学习总时间:149秒
2023-03-18 14:52:25,849 - ensemble_learning - INFO - 584 - 22248 - 15252: 集成学习总时间:0时2分29秒
2023-03-18 14:53:18,681 - main - INFO - 582 - 22248 - 15252: 串行任务：仅集成学习 完成
2023-03-18 14:53:18,682 - main - INFO - 700 - 22248 - 15252: 任务2：特征工程+集成学习 未参与执行！
2023-03-18 14:53:18,683 - main - INFO - 854 - 22248 - 15252: 任务3：参数寻优+集成学习 未参与执行！
2023-03-18 14:53:18,683 - main - INFO - 979 - 22248 - 15252: 任务4：特征工程+参数寻优+集成学习 未参与执行！
2023-03-18 14:53:18,718 - main - INFO - 1037 - 22248 - 15252: 测试结束
2023-03-18 15:03:51,042 - main - INFO - 1463 - 12404 - 23004: main process starts to set cron jobs and run....
2023-03-18 15:03:51,170 - main - INFO - 191 - 12404 - 3292: 51002设置的测试数据时间：开始时间：2022/01/01 00:00；结束时间：2022/05/01 00:00
2023-03-18 15:03:53,024 - main - INFO - 254 - 12404 - 3292: 51002设置时段内实际数据量为：120天；数据缺失率为；0.0%
2023-03-18 15:03:54,946 - main - INFO - 338 - 12404 - 3292: 51002实际的测试数据时间：开始时间：2022/01/01 00:00；结束时间：2022/05/01 00:00
2023-03-18 15:03:54,950 - main - INFO - 440 - 12404 - 3292: --------------------------------任务1：仅集成学习：特征工程×，参数寻优×，集成学习√--------------------------------
2023-03-18 15:03:54,950 - main - INFO - 441 - 12404 - 3292: 串行任务：仅集成学习 开始
2023-03-18 15:03:54,954 - main - INFO - 470 - 12404 - 3292: 风电超短期默认特征：['WS', 'UU_hpa_700', 'WD', 'UU_hpa_500', 'RHU_meter']
2023-03-18 15:03:54,955 - main - INFO - 476 - 12404 - 3292: 风电短期默认特征：['WS', 'UU_hpa_700', 'WD', 'UU_hpa_500', 'RHU_meter']
2023-03-18 15:03:54,956 - main - INFO - 500 - 12404 - 3292: 串行任务：仅集成学习 开始
2023-03-18 15:03:54,988 - ensemble_learning - INFO - 114 - 12404 - 3292: 集成学习开始
2023-03-18 15:03:55,012 - ensemble_learning - INFO - 126 - 12404 - 3292: 集成学习_数据获取与预处理开始
2023-03-18 15:04:23,203 - ensemble_learning - INFO - 180 - 12404 - 3292: 集成学习_数据获取与预处理完成
2023-03-18 15:04:23,203 - ensemble_learning - INFO - 181 - 12404 - 3292: 集成学习_数据获取与预处理时间:28秒
2023-03-18 15:04:23,205 - ensemble_learning - INFO - 195 - 12404 - 3292: 集成学习_模型训练开始
2023-03-18 15:04:29,275 - ensemble_learning - INFO - 249 - 12404 - 3292: 集成学习_模型训练完成
2023-03-18 15:04:29,275 - ensemble_learning - INFO - 250 - 12404 - 3292: 集成学习_模型训练时间:6秒
2023-03-18 15:04:29,277 - ensemble_learning - INFO - 265 - 12404 - 3292: 集成学习_功率预测开始
2023-03-18 15:05:14,678 - ensemble_learning - INFO - 511 - 12404 - 3292: 集成学习_功率预测完成
2023-03-18 15:05:14,678 - ensemble_learning - INFO - 512 - 12404 - 3292: 集成学习_功率预测时间:45秒
2023-03-18 15:05:14,681 - ensemble_learning - INFO - 543 - 12404 - 3292: 集成学习_模型评价开始
2023-03-18 15:05:23,080 - ensemble_learning - INFO - 2367 - 12404 - 3292: 峨蔓风电场BPNN_without_history_power Two_Detailed_Rules 短期预测准确率为：49.871797690809046
2023-03-18 15:05:23,081 - ensemble_learning - INFO - 2367 - 12404 - 3292: 峨蔓风电场MFFS_without_history_power Two_Detailed_Rules 短期预测准确率为：35.12379559477571
2023-03-18 15:05:23,082 - ensemble_learning - INFO - 2376 - 12404 - 3292: 峨蔓风电场BPNN_with_history_power Two_Detailed_Rules 超短期预测准确率为：69.20265559901682
2023-03-18 15:05:23,082 - ensemble_learning - INFO - 2376 - 12404 - 3292: 峨蔓风电场MFFS_with_history_power Two_Detailed_Rules 超短期预测准确率为：55.722338568191844
2023-03-18 15:05:30,506 - ensemble_learning - INFO - 2367 - 12404 - 3292: 峨蔓风电场BPNN_without_history_power GB_T_40607_2021 短期预测准确率为：85.82191006635605
2023-03-18 15:05:30,506 - ensemble_learning - INFO - 2367 - 12404 - 3292: 峨蔓风电场MFFS_without_history_power GB_T_40607_2021 短期预测准确率为：81.41564616665701
2023-03-18 15:05:30,507 - ensemble_learning - INFO - 2376 - 12404 - 3292: 峨蔓风电场BPNN_with_history_power GB_T_40607_2021 超短期预测准确率为：91.40073834492642
2023-03-18 15:05:30,507 - ensemble_learning - INFO - 2376 - 12404 - 3292: 峨蔓风电场MFFS_with_history_power GB_T_40607_2021 超短期预测准确率为：85.80085906053347
2023-03-18 15:05:30,510 - ensemble_learning - INFO - 2408 - 12404 - 3292: 峨蔓风电场short基于标准：['Two_Detailed_Rules', 'GB_T_40607_2021']的最优模型是BPNN_without_history_power准确率分别是：49.87%, 85.82%
2023-03-18 15:05:30,513 - ensemble_learning - INFO - 2435 - 12404 - 3292: 峨蔓风电场short基于标准：['Two_Detailed_Rules', 'GB_T_40607_2021']的次优模型是MFFS_without_history_power准确率分别是：35.12%, 81.42%
2023-03-18 15:05:30,517 - ensemble_learning - INFO - 2469 - 12404 - 3292: 峨蔓风电场ultra_short基于标准：['Two_Detailed_Rules', 'GB_T_40607_2021']的最优模型是BPNN_with_history_power准确率分别是：69.2%, 91.4%
2023-03-18 15:05:30,520 - ensemble_learning - INFO - 2497 - 12404 - 3292: 峨蔓风电场ultra_short基于标准：['Two_Detailed_Rules', 'GB_T_40607_2021']的次优模型是MFFS_with_history_power准确率分别是：55.72%, 85.8%
2023-03-18 15:05:31,419 - interval_forecast - INFO - 87 - 12404 - 3292: 开始区间预测的训练
2023-03-18 15:05:54,956 - interval_forecast - INFO - 140 - 12404 - 3292: 区间预测的训练完成
2023-03-18 15:05:54,959 - ensemble_learning - INFO - 575 - 12404 - 3292: 集成学习_模型评价完成
2023-03-18 15:05:54,959 - ensemble_learning - INFO - 577 - 12404 - 3292: 集成学习完成
2023-03-18 15:05:54,960 - ensemble_learning - INFO - 580 - 12404 - 3292: 集成学习总时间:119秒
2023-03-18 15:05:54,960 - ensemble_learning - INFO - 584 - 12404 - 3292: 集成学习总时间:0时1分59秒
2023-03-18 15:06:23,123 - main - INFO - 582 - 12404 - 3292: 串行任务：仅集成学习 完成
2023-03-18 15:06:23,125 - main - INFO - 700 - 12404 - 3292: 任务2：特征工程+集成学习 未参与执行！
2023-03-18 15:06:23,125 - main - INFO - 854 - 12404 - 3292: 任务3：参数寻优+集成学习 未参与执行！
2023-03-18 15:06:23,126 - main - INFO - 979 - 12404 - 3292: 任务4：特征工程+参数寻优+集成学习 未参与执行！
2023-03-18 15:06:23,158 - main - INFO - 191 - 12404 - 3292: 52003设置的测试数据时间：开始时间：2022/01/01 00:00；结束时间：2022/05/01 00:00
2023-03-18 15:06:25,039 - main - INFO - 254 - 12404 - 3292: 52003设置时段内实际数据量为：120天；数据缺失率为；0.0%
2023-03-18 15:06:27,149 - main - INFO - 338 - 12404 - 3292: 52003实际的测试数据时间：开始时间：2022/01/01 00:00；结束时间：2022/05/01 00:00
2023-03-18 15:06:27,151 - main - INFO - 440 - 12404 - 3292: --------------------------------任务1：仅集成学习：特征工程×，参数寻优×，集成学习√--------------------------------
2023-03-18 15:06:27,152 - main - INFO - 441 - 12404 - 3292: 串行任务：仅集成学习 开始
2023-03-18 15:06:27,156 - main - INFO - 483 - 12404 - 3292: 光伏超短期默认特征：['SR', 'RHU_meter', 'SWDDIR', 'TCC', 'HCC']
2023-03-18 15:06:27,157 - main - INFO - 489 - 12404 - 3292: 光伏短期默认特征：['SR', 'RHU_meter', 'SWDDIR', 'TCC', 'HCC']
2023-03-18 15:06:27,158 - main - INFO - 500 - 12404 - 3292: 串行任务：仅集成学习 开始
2023-03-18 15:06:27,188 - ensemble_learning - INFO - 114 - 12404 - 3292: 集成学习开始
2023-03-18 15:06:27,234 - ensemble_learning - INFO - 126 - 12404 - 3292: 集成学习_数据获取与预处理开始
2023-03-18 15:06:43,334 - ensemble_learning - INFO - 180 - 12404 - 3292: 集成学习_数据获取与预处理完成
2023-03-18 15:06:43,334 - ensemble_learning - INFO - 181 - 12404 - 3292: 集成学习_数据获取与预处理时间:16秒
2023-03-18 15:06:43,335 - ensemble_learning - INFO - 195 - 12404 - 3292: 集成学习_模型训练开始
2023-03-18 15:06:49,406 - ensemble_learning - INFO - 249 - 12404 - 3292: 集成学习_模型训练完成
2023-03-18 15:06:49,406 - ensemble_learning - INFO - 250 - 12404 - 3292: 集成学习_模型训练时间:6秒
2023-03-18 15:06:49,408 - ensemble_learning - INFO - 265 - 12404 - 3292: 集成学习_功率预测开始
2023-03-18 15:08:00,438 - ensemble_learning - INFO - 511 - 12404 - 3292: 集成学习_功率预测完成
2023-03-18 15:08:00,438 - ensemble_learning - INFO - 512 - 12404 - 3292: 集成学习_功率预测时间:71秒
2023-03-18 15:08:00,441 - ensemble_learning - INFO - 543 - 12404 - 3292: 集成学习_模型评价开始
2023-03-18 15:08:15,421 - ensemble_learning - INFO - 2367 - 12404 - 3292: 神华光伏电站BPNN_without_history_power Two_Detailed_Rules 短期预测准确率为：72.23540870206374
2023-03-18 15:08:15,422 - ensemble_learning - INFO - 2367 - 12404 - 3292: 神华光伏电站MFFS_without_history_power Two_Detailed_Rules 短期预测准确率为：71.25224144902089
2023-03-18 15:08:15,422 - ensemble_learning - INFO - 2376 - 12404 - 3292: 神华光伏电站BPNN_with_history_power Two_Detailed_Rules 超短期预测准确率为：9.346211546390231
2023-03-18 15:08:15,422 - ensemble_learning - INFO - 2376 - 12404 - 3292: 神华光伏电站BPNN_without_history_power Two_Detailed_Rules 超短期预测准确率为：65.6508379123778
2023-03-18 15:08:15,422 - ensemble_learning - INFO - 2376 - 12404 - 3292: 神华光伏电站MFFS_with_history_power Two_Detailed_Rules 超短期预测准确率为：69.37168538181756
2023-03-18 15:08:15,422 - ensemble_learning - INFO - 2376 - 12404 - 3292: 神华光伏电站MFFS_without_history_power Two_Detailed_Rules 超短期预测准确率为：71.37329221370683
2023-03-18 15:08:29,787 - ensemble_learning - INFO - 2367 - 12404 - 3292: 神华光伏电站BPNN_without_history_power GB_T_40607_2021 短期预测准确率为：90.21714091397453
2023-03-18 15:08:29,787 - ensemble_learning - INFO - 2367 - 12404 - 3292: 神华光伏电站MFFS_without_history_power GB_T_40607_2021 短期预测准确率为：91.46237887523412
2023-03-18 15:08:29,787 - ensemble_learning - INFO - 2376 - 12404 - 3292: 神华光伏电站BPNN_with_history_power GB_T_40607_2021 超短期预测准确率为：85.53812990145704
2023-03-18 15:08:29,787 - ensemble_learning - INFO - 2376 - 12404 - 3292: 神华光伏电站BPNN_without_history_power GB_T_40607_2021 超短期预测准确率为：93.21871037358001
2023-03-18 15:08:29,787 - ensemble_learning - INFO - 2376 - 12404 - 3292: 神华光伏电站MFFS_with_history_power GB_T_40607_2021 超短期预测准确率为：94.68031190739245
2023-03-18 15:08:29,787 - ensemble_learning - INFO - 2376 - 12404 - 3292: 神华光伏电站MFFS_without_history_power GB_T_40607_2021 超短期预测准确率为：94.60116463525755
2023-03-18 15:08:29,791 - ensemble_learning - INFO - 2408 - 12404 - 3292: 神华光伏电站short基于标准：['Two_Detailed_Rules', 'GB_T_40607_2021']的最优模型是MFFS_without_history_power准确率分别是：71.25%, 91.46%
2023-03-18 15:08:29,794 - ensemble_learning - INFO - 2435 - 12404 - 3292: 神华光伏电站short基于标准：['Two_Detailed_Rules', 'GB_T_40607_2021']的次优模型是BPNN_without_history_power准确率分别是：72.24%, 90.22%
2023-03-18 15:08:29,799 - ensemble_learning - INFO - 2469 - 12404 - 3292: 神华光伏电站ultra_short基于标准：['Two_Detailed_Rules', 'GB_T_40607_2021']的最优模型是MFFS_without_history_power准确率分别是：71.37%, 94.6%
2023-03-18 15:08:29,801 - ensemble_learning - INFO - 2497 - 12404 - 3292: 神华光伏电站ultra_short基于标准：['Two_Detailed_Rules', 'GB_T_40607_2021']的次优模型是BPNN_without_history_power准确率分别是：65.65%, 93.22%
2023-03-18 15:08:29,809 - interval_forecast - INFO - 87 - 12404 - 3292: 开始区间预测的训练
2023-03-18 15:08:53,152 - interval_forecast - INFO - 140 - 12404 - 3292: 区间预测的训练完成
2023-03-18 15:08:53,157 - ensemble_learning - INFO - 575 - 12404 - 3292: 集成学习_模型评价完成
2023-03-18 15:08:53,157 - ensemble_learning - INFO - 577 - 12404 - 3292: 集成学习完成
2023-03-18 15:08:53,157 - ensemble_learning - INFO - 580 - 12404 - 3292: 集成学习总时间:145秒
2023-03-18 15:08:53,157 - ensemble_learning - INFO - 584 - 12404 - 3292: 集成学习总时间:0时2分25秒
2023-03-18 15:09:43,949 - main - INFO - 582 - 12404 - 3292: 串行任务：仅集成学习 完成
2023-03-18 15:09:43,950 - main - INFO - 700 - 12404 - 3292: 任务2：特征工程+集成学习 未参与执行！
2023-03-18 15:09:43,951 - main - INFO - 854 - 12404 - 3292: 任务3：参数寻优+集成学习 未参与执行！
2023-03-18 15:09:43,951 - main - INFO - 979 - 12404 - 3292: 任务4：特征工程+参数寻优+集成学习 未参与执行！
2023-03-18 15:09:43,977 - main - INFO - 1037 - 12404 - 3292: 测试结束
